f951: Varning: Ej konformt tabulatortecken i kolumn 1 på rad 1174 [-Wtabs]
f951: Varning: Ej konformt tabulatortecken i kolumn 1 på rad 1175 [-Wtabs]
f951: Varning: Ej konformt tabulatortecken i kolumn 1 på rad 1183 [-Wtabs]
f951: Varning: Ej konformt tabulatortecken i kolumn 1 på rad 1184 [-Wtabs]
f951: Varning: Ej konformt tabulatortecken i kolumn 1 på rad 1185 [-Wtabs]
f951: Varning: Ej konformt tabulatortecken i kolumn 1 på rad 1196 [-Wtabs]
f951: Varning: Ej konformt tabulatortecken i kolumn 1 på rad 1200 [-Wtabs]
f951: Varning: Ej konformt tabulatortecken i kolumn 1 på rad 1201 [-Wtabs]
f951: Varning: Ej konformt tabulatortecken i kolumn 1 på rad 1204 [-Wtabs]
f951: Varning: Ej konformt tabulatortecken i kolumn 1 på rad 1206 [-Wtabs]
f951: Varning: Ej konformt tabulatortecken i kolumn 1 på rad 1214 [-Wtabs]
f951: Varning: Ej konformt tabulatortecken i kolumn 1 på rad 1215 [-Wtabs]
f951: Varning: Ej konformt tabulatortecken i kolumn 1 på rad 1216 [-Wtabs]
f951: Varning: Ej konformt tabulatortecken i kolumn 1 på rad 1217 [-Wtabs]
f951: Varning: Ej konformt tabulatortecken i kolumn 1 på rad 1218 [-Wtabs]
f951: Varning: Ej konformt tabulatortecken i kolumn 1 på rad 1219 [-Wtabs]
f951: Varning: Ej konformt tabulatortecken i kolumn 1 på rad 1220 [-Wtabs]
f951: Varning: Ej konformt tabulatortecken i kolumn 1 på rad 1222 [-Wtabs]
f951: Varning: Ej konformt tabulatortecken i kolumn 1 på rad 1226 [-Wtabs]
f951: Varning: Ej konformt tabulatortecken i kolumn 1 på rad 1227 [-Wtabs]
f951: Varning: Ej konformt tabulatortecken i kolumn 1 på rad 1228 [-Wtabs]
f951: Varning: Ej konformt tabulatortecken i kolumn 1 på rad 1232 [-Wtabs]
f951: Varning: Ej konformt tabulatortecken i kolumn 1 på rad 1233 [-Wtabs]
f951: Varning: Ej konformt tabulatortecken i kolumn 1 på rad 1234 [-Wtabs]
f951: Varning: Ej konformt tabulatortecken i kolumn 1 på rad 1258 [-Wtabs]
f951: Varning: Ej konformt tabulatortecken i kolumn 1 på rad 1259 [-Wtabs]
f951: Varning: Ej konformt tabulatortecken i kolumn 1 på rad 1260 [-Wtabs]
f951: Varning: Ej konformt tabulatortecken i kolumn 1 på rad 1261 [-Wtabs]
f951: Varning: Ej konformt tabulatortecken i kolumn 1 på rad 1262 [-Wtabs]
f951: Varning: Ej konformt tabulatortecken i kolumn 1 på rad 1263 [-Wtabs]
f951: Varning: Ej konformt tabulatortecken i kolumn 1 på rad 1264 [-Wtabs]
f951: Varning: Ej konformt tabulatortecken i kolumn 1 på rad 1265 [-Wtabs]
f951: Varning: Ej konformt tabulatortecken i kolumn 1 på rad 1266 [-Wtabs]
f951: Varning: Ej konformt tabulatortecken i kolumn 1 på rad 1267 [-Wtabs]
f951: Varning: Ej konformt tabulatortecken i kolumn 1 på rad 1268 [-Wtabs]
f951: Varning: Ej konformt tabulatortecken i kolumn 1 på rad 1269 [-Wtabs]
f951: Varning: Ej konformt tabulatortecken i kolumn 1 på rad 1273 [-Wtabs]
f951: Varning: Ej konformt tabulatortecken i kolumn 1 på rad 1274 [-Wtabs]
f951: Varning: Ej konformt tabulatortecken i kolumn 1 på rad 1275 [-Wtabs]
f951: Varning: Ej konformt tabulatortecken i kolumn 1 på rad 1276 [-Wtabs]
f951: Varning: Ej konformt tabulatortecken i kolumn 1 på rad 1282 [-Wtabs]
f951: Varning: Ej konformt tabulatortecken i kolumn 1 på rad 1283 [-Wtabs]
f951: Varning: Ej konformt tabulatortecken i kolumn 1 på rad 1284 [-Wtabs]
f951: Varning: Ej konformt tabulatortecken i kolumn 1 på rad 1285 [-Wtabs]
f951: Varning: Ej konformt tabulatortecken i kolumn 1 på rad 1286 [-Wtabs]
f951: Varning: Ej konformt tabulatortecken i kolumn 1 på rad 1287 [-Wtabs]
f951: Varning: Ej konformt tabulatortecken i kolumn 1 på rad 1288 [-Wtabs]
f951: Varning: Ej konformt tabulatortecken i kolumn 1 på rad 1289 [-Wtabs]
f951: Varning: Ej konformt tabulatortecken i kolumn 1 på rad 1291 [-Wtabs]
f951: Varning: Ej konformt tabulatortecken i kolumn 1 på rad 1292 [-Wtabs]
f951: Varning: Ej konformt tabulatortecken i kolumn 1 på rad 1293 [-Wtabs]
f951: Varning: Ej konformt tabulatortecken i kolumn 1 på rad 1294 [-Wtabs]
f951: Varning: Ej konformt tabulatortecken i kolumn 1 på rad 1295 [-Wtabs]
f951: Varning: Ej konformt tabulatortecken i kolumn 1 på rad 1296 [-Wtabs]
f951: Varning: Ej konformt tabulatortecken i kolumn 1 på rad 1297 [-Wtabs]
f951: Varning: Ej konformt tabulatortecken i kolumn 1 på rad 1298 [-Wtabs]
f951: Varning: Ej konformt tabulatortecken i kolumn 1 på rad 1343 [-Wtabs]
f951: Varning: Ej konformt tabulatortecken i kolumn 1 på rad 1344 [-Wtabs]
f951: Varning: Ej konformt tabulatortecken i kolumn 1 på rad 1345 [-Wtabs]
f951: Varning: Ej konformt tabulatortecken i kolumn 1 på rad 1346 [-Wtabs]
f951: Varning: Ej konformt tabulatortecken i kolumn 1 på rad 1347 [-Wtabs]
f951: Varning: Ej konformt tabulatortecken i kolumn 1 på rad 1348 [-Wtabs]
f951: Varning: Ej konformt tabulatortecken i kolumn 1 på rad 1349 [-Wtabs]
f951: Varning: Ej konformt tabulatortecken i kolumn 1 på rad 1350 [-Wtabs]
f951: Varning: Ej konformt tabulatortecken i kolumn 1 på rad 1351 [-Wtabs]
f951: Varning: Ej konformt tabulatortecken i kolumn 1 på rad 1355 [-Wtabs]
f951: Varning: Ej konformt tabulatortecken i kolumn 1 på rad 1356 [-Wtabs]
f951: Varning: Ej konformt tabulatortecken i kolumn 1 på rad 1357 [-Wtabs]
f951: Varning: Ej konformt tabulatortecken i kolumn 1 på rad 1361 [-Wtabs]
f951: Varning: Ej konformt tabulatortecken i kolumn 1 på rad 1362 [-Wtabs]
f951: Varning: Ej konformt tabulatortecken i kolumn 1 på rad 1363 [-Wtabs]
f951: Varning: Ej konformt tabulatortecken i kolumn 1 på rad 1364 [-Wtabs]
f951: Varning: Ej konformt tabulatortecken i kolumn 1 på rad 1365 [-Wtabs]
f951: Varning: Ej konformt tabulatortecken i kolumn 1 på rad 1366 [-Wtabs]
f951: Varning: Ej konformt tabulatortecken i kolumn 1 på rad 1367 [-Wtabs]
f951: Varning: Ej konformt tabulatortecken i kolumn 1 på rad 1368 [-Wtabs]
f951: Varning: Ej konformt tabulatortecken i kolumn 1 på rad 1369 [-Wtabs]
f951: Varning: Ej konformt tabulatortecken i kolumn 1 på rad 1370 [-Wtabs]
f951: Varning: Ej konformt tabulatortecken i kolumn 1 på rad 1371 [-Wtabs]
f951: Varning: Ej konformt tabulatortecken i kolumn 1 på rad 1372 [-Wtabs]
f951: Varning: Ej konformt tabulatortecken i kolumn 1 på rad 1373 [-Wtabs]
f951: Varning: Ej konformt tabulatortecken i kolumn 1 på rad 1374 [-Wtabs]
f951: Varning: Ej konformt tabulatortecken i kolumn 2 på rad 1375 [-Wtabs]
f951: Varning: Ej konformt tabulatortecken i kolumn 1 på rad 1379 [-Wtabs]
f951: Varning: Ej konformt tabulatortecken i kolumn 1 på rad 1380 [-Wtabs]
f951: Varning: Ej konformt tabulatortecken i kolumn 1 på rad 1390 [-Wtabs]
f951: Varning: Ej konformt tabulatortecken i kolumn 1 på rad 1391 [-Wtabs]
f951: Varning: Ej konformt tabulatortecken i kolumn 1 på rad 1395 [-Wtabs]
f951: Varning: Ej konformt tabulatortecken i kolumn 1 på rad 1396 [-Wtabs]
f951: Varning: Ej konformt tabulatortecken i kolumn 1 på rad 1397 [-Wtabs]
f951: Varning: Ej konformt tabulatortecken i kolumn 1 på rad 1398 [-Wtabs]
f951: Varning: Ej konformt tabulatortecken i kolumn 1 på rad 1399 [-Wtabs]
f951: Varning: Ej konformt tabulatortecken i kolumn 1 på rad 1400 [-Wtabs]
f951: Varning: Ej konformt tabulatortecken i kolumn 1 på rad 1401 [-Wtabs]
solve.i:324:34:

       PARAMETER ( INTS_WORDS  = 1, &
                                  1
Fel: Variabelnamn förväntades vid (1) i PARAMETER-sats
solve.i:330:72:

       INTEGER*2 BLOCK_WORDS, NAME_SIZE, NAME_WORDS, NAME_BYTES, BLOCK_BYTES
                                                                        1
Varning: Rad avhuggen vid (1) [-Wline-truncation]
solve.i:332:41:

       PARAMETER ( NAME_SIZE         = 63, &
                                         1
Fel: Variabelnamn förväntades vid (1) i PARAMETER-sats
solve.i:366:40:

       PARAMETER ( JPARFIL_BLOCKS = 1906, &
                                        1
Fel: Variabelnamn förväntades vid (1) i PARAMETER-sats
solve.i:374:38:

       PARAMETER ( JSOCOM_BLOCKS = 220, &
                                      1
Fel: Variabelnamn förväntades vid (1) i PARAMETER-sats
solve.i:383:17:

       PARAMETER ( &
                 1
Fel: Variabelnamn förväntades vid (1) i PARAMETER-sats
solve.i:395:63:

       INTEGER*4 JGLBFIL_BLOCKS, JGLBCM_BLOCKS, JGLBC2_BLOCKS, &
                                                               1
Fel: Felaktigt tecken i namn vid (1)
solve.i:399:31:

       PARAMETER ( JGLBCM_BLOCKS  =   17, &
                               1
Fel: Symbolen  ”jglbcm_blocks” vid (1) har ingen IMPLICIT-typ
solve.i:414:51:

       PARAMETER  ( JGLBP_BLOCKS  = JGLBP1_BLOCKS + &
                                                   1
Fel: Syntaxfel i uttryck vid (1)
solve.i:439:60:

       PARAMETER ( JNRMFIL_WORDS  = JNRMFIL_ELEMS*REALL_WORDS )
                                                            1
Fel: Parameter ”reall_words” vid (1) har inte deklarerats eller är en variabel, som inte reduceras till ett konstant uttryck
solve.i:440:35:

       PARAMETER ( JNRMFIL_BLOCKS = &
                                   1
Fel: Uttryck förväntades vid (1) i PARAMETER-sats
solve.i:451:62:

       PARAMETER ( CGM_DIR_PARFIL = CGM_DIR_SOCOM+JSOCOM_BLOCKS     )
                                                              1
Fel: Parameter ”jsocom_blocks” vid (1) har inte deklarerats eller är en variabel, som inte reduceras till ett konstant uttryck
solve.i:452:34:

       PARAMETER ( CGM_DIR_PLIST  = CGM_DIR_PARFIL+JPARFIL_BLOCKS   )
                                  1
Fel: Parameter ”cgm_dir_parfil” vid (1) har inte deklarerats eller är en variabel, som inte reduceras till ett konstant uttryck
solve.i:453:34:

       PARAMETER ( CGM_DIR_NRMFIL = CGM_DIR_PLIST+JPLIST_BLOCKS     )
                                  1
Fel: Parameter ”cgm_dir_plist” vid (1) har inte deklarerats eller är en variabel, som inte reduceras till ett konstant uttryck
solve.i:454:34:

       PARAMETER ( MAX_CGM_BLOCKS = CGM_DIR_NRMFIL+JNRMFIL_BLOCKS-1 )
                                  1
Fel: Parameter ”cgm_dir_nrmfil” vid (1) har inte deklarerats eller är en variabel, som inte reduceras till ett konstant uttryck
solve.i:469:30:

       PARAMETER ( MAX_STA=512,             & ! max total number of station
                              1
Fel: Variabelnamn förväntades vid (1) i PARAMETER-sats
solve.i:500:26:

       PARAMETER  ( M_SUP = MAX_SUP ) ! The same as MAX_SUP but INTEGER*4
                          1
Fel: Parameter ”max_sup” vid (1) har inte deklarerats eller är en variabel, som inte reduceras till ett konstant uttryck
solve.i:525:41:

       PARAMETER ( MAX_PLOTS = MAX_ARC_BSL*2                     )
                                         1
Fel: Parameter ”max_arc_bsl” vid (1) har inte deklarerats eller är en variabel, som inte reduceras till ett konstant uttryck
solve.i:526:42:

       PARAMETER ( USED_PLTFL = 1+8*MAX_DBS+9*MAX_PLOTS         )
                                          1
Fel: Parameter ”max_dbs” vid (1) har inte deklarerats eller är en variabel, som inte reduceras till ett konstant uttryck
solve.i:527:47:

       PARAMETER ( JPLTFIL_BLOCKS  = (USED_PLTFL/BLOCK_WORDS)+1 )
                                               1
Fel: Parameter ”used_pltfl” vid (1) har inte deklarerats eller är en variabel, som inte reduceras till ett konstant uttryck
solve.i:528:50:

       PARAMETER ( JPLTFIL_WORDS   = JPLTFIL_BLOCKS*BLOCK_WORDS )
                                                  1
Fel: Parameter ”jpltfil_blocks” vid (1) har inte deklarerats eller är en variabel, som inte reduceras till ett konstant uttryck
solve.i:529:35:

       PARAMETER ( FREE_LEN_PLTFL  = JPLTFIL_WORDS - USED_PLTFL )
                                   1
Fel: Parameter ”jpltfil_words” vid (1) har inte deklarerats eller är en variabel, som inte reduceras till ett konstant uttryck
solve.i:533:37:

       PARAMETER ( STA_BIT_WORDS    =(MAX_STA+WORD_BITS-1)/WORD_BITS, &
                                     1
Fel: Parameter ”max_sta” vid (1) har inte deklarerats eller är en variabel, som inte reduceras till ett konstant uttryck
solve.i:593:38:

       PARAMETER ( JOBSREC_BLOCKS = 10, &
                                      1
Fel: Variabelnamn förväntades vid (1) i PARAMETER-sats
solve.i:610:38:

       PARAMETER ( JNAMREC_WORDS  = 35, &
                                      1
Fel: Variabelnamn förväntades vid (1) i PARAMETER-sats
solve.i:645:60:

       CHARACTER*22 CWSP2393, CWSP2648, CWSP2623, CWSP7470, &
                                                            1
Fel: Felaktigt tecken i namn vid (1)
solve.i:649:68:

       INTEGER*2    LEN2393,LEN835,LEN2648,LEN2623,LEN7470,LEN9872, &
                                                                    1
Fel: Felaktigt tecken i namn vid (1)
solve.i:652:26:

       PARAMETER ( CWSP2393 = '/usr/local/bin/wsp2393')
                          1
Fel: Symbolen  ”cwsp2393” vid (1) har ingen IMPLICIT-typ
solve.i:653:26:

       PARAMETER ( CWSP2648 = '/usr/local/bin/wsp2648')
                          1
Fel: Symbolen  ”cwsp2648” vid (1) har ingen IMPLICIT-typ
solve.i:654:26:

       PARAMETER ( CWSP2623 = '/usr/local/bin/wsp2623')
                          1
Fel: Symbolen  ”cwsp2623” vid (1) har ingen IMPLICIT-typ
solve.i:655:26:

       PARAMETER ( CWSP7470 = '/usr/local/bin/wsp7470')
                          1
Fel: Symbolen  ”cwsp7470” vid (1) har ingen IMPLICIT-typ
solve.i:656:26:

       PARAMETER ( CWSP9872 = '/usr/local/bin/wsp9872')
                          1
Fel: Symbolen  ”cwsp9872” vid (1) har ingen IMPLICIT-typ
solve.i:657:26:

       PARAMETER ( CWSP2686 = '/usr/local/bin/wsp2686')
                          1
Fel: Symbolen  ”cwsp2686” vid (1) har ingen IMPLICIT-typ
solve.i:658:26:

       PARAMETER ( CWSP7475 = '/usr/local/bin/wsp7475')
                          1
Fel: Symbolen  ”cwsp7475” vid (1) har ingen IMPLICIT-typ
solve.i:659:26:

       PARAMETER ( CWSP2563 = '/usr/local/bin/wsp2563')
                          1
Fel: Symbolen  ”cwsp2563” vid (1) har ingen IMPLICIT-typ
solve.i:661:25:

       PARAMETER ( LEN2393 = 22,LEN2648 = 22,LEN2623 = 22,LEN7470 = 22, &
                         1
Fel: Symbolen  ”len2393” vid (1) har ingen IMPLICIT-typ
solve.i:741:72:

       PARAMETER ( CENTER_FULL_NAME = 'NASA Goddard Space Flight Center' ) ! Local customization
                                                                        1
Varning: Rad avhuggen vid (1) [-Wline-truncation]
solve.i:741:71:

       PARAMETER ( CENTER_FULL_NAME = 'NASA Goddard Space Flight Center' ) ! Local customization
                                                                       1
Fel: Oväntade tecken i PARAMETER-sats vid (1)
solve.i:760:61:

       INTEGER*2     GRPRAT__DTP, PHSRAT__DTP,  SNBRAT__DTP, &
                                                             1
Fel: Felaktigt tecken i namn vid (1)
solve.i:772:60:

       CHARACTER*21  GRPRAT__DTC, PHSRAT__DTC, SNBRAT__DTC, &
                                                            1
Fel: Felaktigt tecken i namn vid (1)
solve.i:780:29:

       PARAMETER ( GRPRAT__DTP = 0, GRPRAT__DTC='Group delay & rate  ' )
                             1
Fel: Symbolen  ”grprat__dtp” vid (1) har ingen IMPLICIT-typ
solve.i:781:29:

       PARAMETER ( PHSRAT__DTP = 1, PHSRAT__DTC='Phase delay & rate  ' )
                             1
Fel: Symbolen  ”phsrat__dtp” vid (1) har ingen IMPLICIT-typ
solve.i:782:29:

       PARAMETER ( SNBRAT__DTP = 2, SNBRAT__DTC='N.Band delay & rate ' )
                             1
Fel: Symbolen  ”snbrat__dtp” vid (1) har ingen IMPLICIT-typ
solve.i:783:29:

       PARAMETER ( GRPONL__DTP = 3, GRPONL__DTC='Group delay only    ' )
                             1
Fel: Symbolen  ”grponl__dtp” vid (1) har ingen IMPLICIT-typ
solve.i:784:29:

       PARAMETER ( PHSONL__DTP = 4, PHSONL__DTC='Phase delay only    ' )
                             1
Fel: Symbolen  ”phsonl__dtp” vid (1) har ingen IMPLICIT-typ
solve.i:785:29:

       PARAMETER ( SNBONL__DTP = 5, SNBONL__DTC='N.Band delay only   ' )
                             1
Fel: Symbolen  ”snbonl__dtp” vid (1) har ingen IMPLICIT-typ
solve.i:786:29:

       PARAMETER ( RATONL__DTP = 6, RATONL__DTC='Rate only           ' )
                             1
Fel: Symbolen  ”ratonl__dtp” vid (1) har ingen IMPLICIT-typ
solve.i:787:29:

       PARAMETER (  G_GXS__DTP = 7,  G_GXS__DTC='G-Gxs combination   ' )
                             1
Fel: Symbolen  ”g_gxs__dtp” vid (1) har ingen IMPLICIT-typ
solve.i:788:29:

       PARAMETER ( PX_GXS__DTP = 8, PX_GXS__DTC='Px-Gxs combination  ' )
                             1
Fel: Symbolen  ”px_gxs__dtp” vid (1) har ingen IMPLICIT-typ
solve.i:789:29:

       PARAMETER ( PS_GXS__DTP = 9, PS_GXS__DTC='Ps-Gxs combination  ' )
                             1
Fel: Symbolen  ”ps_gxs__dtp” vid (1) har ingen IMPLICIT-typ
solve.i:790:29:

       PARAMETER (  PX_GX__DTP = 10, PX_GX__DTC='Px-Gx combination   ' )
                             1
Fel: Symbolen  ”px_gx__dtp” vid (1) har ingen IMPLICIT-typ
solve.i:791:29:

       PARAMETER (  PX_GS__DTP = 11, PX_GS__DTC='Px-Gs combination   ' )
                             1
Fel: Symbolen  ”px_gs__dtp” vid (1) har ingen IMPLICIT-typ
solve.i:792:29:

       PARAMETER (  PS_GX__DTP = 12, PS_GX__DTC='Ps-Gx combination   ' )
                             1
Fel: Symbolen  ”ps_gx__dtp” vid (1) har ingen IMPLICIT-typ
solve.i:793:29:

       PARAMETER (  PS_GS__DTP = 13, PS_GS__DTC='Ps-Gs combination   ' )
                             1
Fel: Symbolen  ”ps_gs__dtp” vid (1) har ingen IMPLICIT-typ
solve.i:794:29:

       PARAMETER (  P_PXS__DTP = 14, P_PXS__DTC='P-Pxs combination   ' )
                             1
Fel: Symbolen  ”p_pxs__dtp” vid (1) har ingen IMPLICIT-typ
solve.i:795:29:

       PARAMETER (     GX__DTP = 15,    GX__DTC='Group delay X-band  ' )
                             1
Fel: Symbolen  ”gx__dtp” vid (1) har ingen IMPLICIT-typ
solve.i:796:29:

       PARAMETER (     GS__DTP = 16,    GS__DTC='Group delay S-band  ' )
                             1
Fel: Symbolen  ”gs__dtp” vid (1) har ingen IMPLICIT-typ
solve.i:797:29:

       PARAMETER (     PX__DTP = 17,    PX__DTC='Phase delay X-band  ' )
                             1
Fel: Symbolen  ”px__dtp” vid (1) har ingen IMPLICIT-typ
solve.i:798:29:

       PARAMETER (     PS__DTP = 18,    PS__DTC='Phase delay S-band  ' )
                             1
Fel: Symbolen  ”ps__dtp” vid (1) har ingen IMPLICIT-typ
solve.i:799:29:

       PARAMETER (  SNG_X__DTP = 19, SNG_X__DTC='Single band X-band  ' )
                             1
Fel: Symbolen  ”sng_x__dtp” vid (1) har ingen IMPLICIT-typ
solve.i:800:29:

       PARAMETER (  SNG_S__DTP = 20, SNG_S__DTC='Single band S-band  ' )
                             1
Fel: Symbolen  ”sng_s__dtp” vid (1) har ingen IMPLICIT-typ
solve.i:801:29:

       PARAMETER (  DELAY__DTP = 101                                   )
                             1
Fel: Symbolen  ”delay__dtp” vid (1) har ingen IMPLICIT-typ
solve.i:802:29:

       PARAMETER (   RATE__DTP = 102                                   )
                             1
Fel: Symbolen  ”rate__dtp” vid (1) har ingen IMPLICIT-typ
solve.i:803:29:

       PARAMETER (  GROUP__DTP = 103                                   )
                             1
Fel: Symbolen  ”group__dtp” vid (1) har ingen IMPLICIT-typ
solve.i:804:29:

       PARAMETER (  PHASE__DTP = 104                                   )
                             1
Fel: Symbolen  ”phase__dtp” vid (1) har ingen IMPLICIT-typ
solve.i:805:29:

       PARAMETER (  MIXED__DTP = 105                                   )
                             1
Fel: Symbolen  ”mixed__dtp” vid (1) har ingen IMPLICIT-typ
solve.i:806:29:

       PARAMETER (  SINGL__DTP = 106                                   )
                             1
Fel: Symbolen  ”singl__dtp” vid (1) har ingen IMPLICIT-typ
solve.i:807:29:

       PARAMETER (  XBAND__DTP = 201                                   )
                             1
Fel: Symbolen  ”xband__dtp” vid (1) har ingen IMPLICIT-typ
solve.i:808:29:

       PARAMETER (  SBAND__DTP = 202                                   )
                             1
Fel: Symbolen  ”sband__dtp” vid (1) har ingen IMPLICIT-typ
solve.i:809:29:

       PARAMETER (   COMB__DTP = 203                                   )
                             1
Fel: Symbolen  ”comb__dtp” vid (1) har ingen IMPLICIT-typ
solve.i:810:29:

       PARAMETER (  IOCAL__DTP = 204                                   )
                             1
Fel: Symbolen  ”iocal__dtp” vid (1) har ingen IMPLICIT-typ
solve.i:811:43:

       PARAMETER (  FIRST__DTP = GRPRAT__DTP, LAST__DTP = SNG_S__DTP   )
                                           1
Fel: Symbolen  ”grprat__dtp” vid (1) har ingen IMPLICIT-typ
solve.i:814:44:

       PARAMETER  ( IDATYP__DEF = GRPRAT__DTP )  ! is set when databse don't
                                            1
Fel: Symbolen  ”grprat__dtp” vid (1) har ingen IMPLICIT-typ
solve.i:818:55:

       PARAMETER  ( DATYP__LEN = 6*(LAST__DTP-FIRST__DTP+1) )
                                                       1
Fel: Symbolen  ”first__dtp” vid (1) har ingen IMPLICIT-typ
solve.i:823:43:

       PARAMETER  ( DATYP__ABR = 'GRPRAT'// &
                                           1
Fel: Syntaxfel i uttryck vid (1)
solve.i:849:58:

       REAL*8      LIN_STA__SIG__DEF,  BAS_CLK__SIG__DEF, &
                                                          1
Fel: Felaktigt tecken i namn vid (1)
solve.i:861:35:

       PARAMETER ( LIN_STA__SIG__DEF = 1.0D-5 ) ! Linear combination of stat. pos
                                   1
Fel: Symbolen  ”lin_sta__sig__def” vid (1) har ingen IMPLICIT-typ
solve.i:862:35:

       PARAMETER ( BAS_CLK__SIG__DEF = 1.0D-6 ) ! Baseline-dependent clocks
                                   1
Fel: Symbolen  ”bas_clk__sig__def” vid (1) har ingen IMPLICIT-typ
solve.i:863:35:

       PARAMETER ( SRC_COO__SIG__DEF = 1.0D-5 ) ! Source coordinates
                                   1
Fel: Symbolen  ”src_coo__sig__def” vid (1) har ingen IMPLICIT-typ
solve.i:864:35:

       PARAMETER ( NNT_POS__SIG__DEF = 1.0D-5 ) ! No-net translation for st. pos.
                                   1
Fel: Symbolen  ”nnt_pos__sig__def” vid (1) har ingen IMPLICIT-typ
solve.i:865:35:

       PARAMETER ( NNR_POS__SIG__DEF = 1.0D-5 ) ! No-net rotation station posit.
                                   1
Fel: Symbolen  ”nnr_pos__sig__def” vid (1) har ingen IMPLICIT-typ
solve.i:866:35:

       PARAMETER ( NNT_VEL__SIG__DEF = 1.0D-5 ) ! No-net translation velocities
                                   1
Fel: Symbolen  ”nnt_vel__sig__def” vid (1) har ingen IMPLICIT-typ
solve.i:867:35:

       PARAMETER ( NNR_VEL__SIG__DEF = 1.0D-5 ) ! No-net rotation velocities
                                   1
Fel: Symbolen  ”nnr_vel__sig__def” vid (1) har ingen IMPLICIT-typ
solve.i:868:35:

       PARAMETER ( STA_WEA__SIG__DEF = 1.0D1  ) ! Station positions
                                   1
Fel: Symbolen  ”sta_wea__sig__def” vid (1) har ingen IMPLICIT-typ
solve.i:869:35:

       PARAMETER ( VEL_WEA__SIG__DEF = 1.0D-1 ) ! Velocities
                                   1
Fel: Symbolen  ”vel_wea__sig__def” vid (1) har ingen IMPLICIT-typ
solve.i:870:35:

       PARAMETER ( VEL_DIR__SIG__DEF = 1.0D-7 ) ! Velocity direction
                                   1
Fel: Symbolen  ”vel_dir__sig__def” vid (1) har ingen IMPLICIT-typ
solve.i:871:35:

       PARAMETER ( VEL_CMP__SIG__DEF = 1.0D-7 ) ! Velocity components
                                   1
Fel: Symbolen  ”vel_cmp__sig__def” vid (1) har ingen IMPLICIT-typ
solve.i:872:35:

       PARAMETER ( STA_ORG__SIG__DEF = 1.0D-5 ) ! Station positions origin
                                   1
Fel: Symbolen  ”sta_org__sig__def” vid (1) har ingen IMPLICIT-typ
solve.i:873:35:

       PARAMETER ( VEL_ORG__SIG__DEF = 1.0D-5 ) ! Velocity origin
                                   1
Fel: Symbolen  ”vel_org__sig__def” vid (1) har ingen IMPLICIT-typ
solve.i:874:35:

       PARAMETER ( VEL_SET__SIG__DEF = 1.0D-5 ) ! Set of velicities
                                   1
Fel: Symbolen  ”vel_set__sig__def” vid (1) har ingen IMPLICIT-typ
solve.i:875:35:

       PARAMETER ( STA_TIE__SIG__DEF = 1.0D-5 ) ! Station ties
                                   1
Fel: Symbolen  ”sta_tie__sig__def” vid (1) har ingen IMPLICIT-typ
solve.i:876:35:

       PARAMETER ( VEL_TIE__SIG__DEF = 1.0D-5 ) ! Velocity ties
                                   1
Fel: Symbolen  ”vel_tie__sig__def” vid (1) har ingen IMPLICIT-typ
solve.i:877:35:

       PARAMETER ( RAS_ORG__SIG__DEF = 4.8D-12 ) ! Right ascension origin
                                   1
Fel: Symbolen  ”ras_org__sig__def” vid (1) har ingen IMPLICIT-typ
solve.i:878:35:

       PARAMETER ( DCL_ORG__SIG__DEF = 4.8D-12 ) ! Declination origin
                                   1
Fel: Symbolen  ”dcl_org__sig__def” vid (1) har ingen IMPLICIT-typ
solve.i:879:35:

       PARAMETER ( NNR_SRC__SIG__DEF = 1.0D-11 ) ! No-net rotation for sources
                                   1
Fel: Symbolen  ”nnr_src__sig__def” vid (1) har ingen IMPLICIT-typ
solve.i:880:35:

       PARAMETER ( NNR_PRP__SIG__DEF = 1.0D-11 ) ! No-net rotation for prop.motion
                                   1
Fel: Symbolen  ”nnr_prp__sig__def” vid (1) har ingen IMPLICIT-typ
solve.i:881:35:

       PARAMETER ( NUT_CMP__SIG__DEF = 1.0D-10 ) ! Nutation components
                                   1
Fel: Symbolen  ”nut_cmp__sig__def” vid (1) har ingen IMPLICIT-typ
solve.i:882:35:

       PARAMETER ( VEL_VER__SIG__DEF = 1.0D-7 )  ! Vertival velocity
                                   1
Fel: Symbolen  ”vel_ver__sig__def” vid (1) har ingen IMPLICIT-typ
solve.i:889:65:

       INTEGER*2     BQCX__SPS, BQCS__SPS, NOFX__SPS, NOFS__SPS, &
                                                                 1
Fel: Felaktigt tecken i namn vid (1)
solve.i:897:29:

       PARAMETER  (  BQCX__SPS =  1 ) ! Bad quality code for X-band
                             1
Fel: Symbolen  ”bqcx__sps” vid (1) har ingen IMPLICIT-typ
solve.i:898:29:

       PARAMETER  (  BQCS__SPS =  2 ) ! Bad quality code for S-band
                             1
Fel: Symbolen  ”bqcs__sps” vid (1) har ingen IMPLICIT-typ
solve.i:899:29:

       PARAMETER  (  NOFX__SPS =  3 ) ! No fringes for X-band
                             1
Fel: Symbolen  ”nofx__sps” vid (1) har ingen IMPLICIT-typ
solve.i:900:29:

       PARAMETER  (  NOFS__SPS =  4 ) ! No fringes for S-band
                             1
Fel: Symbolen  ”nofs__sps” vid (1) har ingen IMPLICIT-typ
solve.i:901:29:

       PARAMETER  (  CUEL__SPS =  5 ) ! Observation made below cut off limit
                             1
Fel: Symbolen  ”cuel__sps” vid (1) har ingen IMPLICIT-typ
solve.i:902:29:

       PARAMETER  (  DSBS__SPS =  6 ) ! Observation at deselected baseline
                             1
Fel: Symbolen  ”dsbs__sps” vid (1) har ingen IMPLICIT-typ
solve.i:903:29:

       PARAMETER  (  DSSO__SPS =  7 ) ! Observation of deselected source
                             1
Fel: Symbolen  ”dsso__sps” vid (1) har ingen IMPLICIT-typ
solve.i:904:29:

       PARAMETER  (  BWVR__SPS =  8 ) ! Bad WVR mask
                             1
Fel: Symbolen  ”bwvr__sps” vid (1) har ingen IMPLICIT-typ
solve.i:905:29:

       PARAMETER  (  BPRN__SPS =  9 ) ! No parangle correction available
                             1
Fel: Symbolen  ”bprn__sps” vid (1) har ingen IMPLICIT-typ
solve.i:906:29:

       PARAMETER  (  GION__SPS = 10 ) ! GION calibration is not available
                             1
Fel: Symbolen  ”gion__sps” vid (1) har ingen IMPLICIT-typ
solve.i:907:29:

       PARAMETER  (  GIO1__SPS = 11 ) ! GION calibration is bad
                             1
Fel: Symbolen  ”gio1__sps” vid (1) har ingen IMPLICIT-typ
solve.i:908:29:

       PARAMETER  (  GIO2__SPS = 12 ) ! GION calibration is bad
                             1
Fel: Symbolen  ”gio2__sps” vid (1) har ingen IMPLICIT-typ
solve.i:909:29:

       PARAMETER  (  GIO3__SPS = 13 ) ! GION calibration is bad
                             1
Fel: Symbolen  ”gio3__sps” vid (1) har ingen IMPLICIT-typ
solve.i:910:29:

       PARAMETER  (  GIO4__SPS = 14 ) ! GION calibration is bad
                             1
Fel: Symbolen  ”gio4__sps” vid (1) har ingen IMPLICIT-typ
solve.i:911:29:

       PARAMETER  (  PION__SPS = 15 ) ! PION calibration is not available
                             1
Fel: Symbolen  ”pion__sps” vid (1) har ingen IMPLICIT-typ
solve.i:912:29:

       PARAMETER  (  PIO1__SPS = 16 ) ! PION calibration is bad
                             1
Fel: Symbolen  ”pio1__sps” vid (1) har ingen IMPLICIT-typ
solve.i:913:29:

       PARAMETER  (  PIO2__SPS = 17 ) ! PION calibration is bad
                             1
Fel: Symbolen  ”pio2__sps” vid (1) har ingen IMPLICIT-typ
solve.i:914:29:

       PARAMETER  (  PIO3__SPS = 18 ) ! PION calibration is bad
                             1
Fel: Symbolen  ”pio3__sps” vid (1) har ingen IMPLICIT-typ
solve.i:915:29:

       PARAMETER  (  PIO4__SPS = 19 ) ! PION calibration is bad
                             1
Fel: Symbolen  ”pio4__sps” vid (1) har ingen IMPLICIT-typ
solve.i:916:29:

       PARAMETER  (  CION__SPS = 20 ) ! CION calibration is not available *
                             1
Fel: Symbolen  ”cion__sps” vid (1) har ingen IMPLICIT-typ
solve.i:917:29:

       PARAMETER  (  XAMB__SPS = 21 ) ! X-band phase ambiguity not resolved
                             1
Fel: Symbolen  ”xamb__sps” vid (1) har ingen IMPLICIT-typ
solve.i:918:29:

       PARAMETER  (  SAMB__SPS = 22 ) ! S-band phase ambiguity not resolved
                             1
Fel: Symbolen  ”samb__sps” vid (1) har ingen IMPLICIT-typ
solve.i:919:29:

       PARAMETER  (  IUNW__SPS = 23 ) ! IUNW code is not zero
                             1
Fel: Symbolen  ”iunw__sps” vid (1) har ingen IMPLICIT-typ
solve.i:920:29:

       PARAMETER  (  WPAS__SPS = 24 ) ! Wrong phase delay ambiguity spacings
                             1
Fel: Symbolen  ”wpas__sps” vid (1) har ingen IMPLICIT-typ
solve.i:921:29:

       PARAMETER  (  IOUS__SPS = 25 ) ! Ionospheric calibration is used if available
                             1
Fel: Symbolen  ”ious__sps” vid (1) har ingen IMPLICIT-typ
solve.i:922:29:

       PARAMETER  (  DECM__SPS = 26 ) ! Decimation is set on
                             1
Fel: Symbolen  ”decm__sps” vid (1) har ingen IMPLICIT-typ
solve.i:923:29:

       PARAMETER  (  INIT__SPS = 27 ) ! The bit filed has beein initialized
                             1
Fel: Symbolen  ”init__sps” vid (1) har ingen IMPLICIT-typ
solve.i:924:29:

       PARAMETER  (  SET1__SPS = 28 ) ! Circumstnaces bits are set up
                             1
Fel: Symbolen  ”set1__sps” vid (1) har ingen IMPLICIT-typ
solve.i:925:29:

       PARAMETER  (  SET2__SPS = 29 ) ! Usage satatus bits are set up
                             1
Fel: Symbolen  ”set2__sps” vid (1) har ingen IMPLICIT-typ
solve.i:926:29:

       PARAMETER  (  GOOD__SPS = 30 ) ! Observation is marked as good
                             1
Fel: Symbolen  ”good__sps” vid (1) har ingen IMPLICIT-typ
solve.i:927:29:

       PARAMETER  (  CBAD__SPS = 31 ) ! Observation is marked as conditionally
                             1
Fel: Symbolen  ”cbad__sps” vid (1) har ingen IMPLICIT-typ
solve.i:929:29:

       PARAMETER  (  UNRC__SPS = 32 ) ! Observation is marked as bad and
                             1
Fel: Symbolen  ”unrc__sps” vid (1) har ingen IMPLICIT-typ
solve.i:943:65:

       INTEGER*2     GSUP__UAS, GOVV__UAS, PSUP__UAS, POVV__UAS, &
                                                                 1
Fel: Felaktigt tecken i namn vid (1)
solve.i:945:29:

       PARAMETER  (  GSUP__UAS = 1  ) ! Suppress good observation (group)
                             1
Fel: Symbolen  ”gsup__uas” vid (1) har ingen IMPLICIT-typ
solve.i:946:29:

       PARAMETER  (  GOVV__UAS = 2  ) ! Restore bad observation (group)
                             1
Fel: Symbolen  ”govv__uas” vid (1) har ingen IMPLICIT-typ
solve.i:947:29:

       PARAMETER  (  PSUP__UAS = 3  ) ! Suppress good observation (phase)
                             1
Fel: Symbolen  ”psup__uas” vid (1) har ingen IMPLICIT-typ
solve.i:948:29:

       PARAMETER  (  POVV__UAS = 4  ) ! Restore bad observation (phase)
                             1
Fel: Symbolen  ”povv__uas” vid (1) har ingen IMPLICIT-typ
solve.i:949:29:

       PARAMETER  (  INIT__UAS =16  ) ! Flag: UACSUP has been initialized
                             1
Fel: Symbolen  ”init__uas” vid (1) har ingen IMPLICIT-typ
solve.i:961:50:

       INTEGER*2    SUPMET__PRE98, SUPMET__PRE91, &
                                                  1
Fel: Felaktigt tecken i namn vid (1)
solve.i:965:32:

       PARAMETER  ( SUPMET__PRE98 = 501 ) ! pre-98 method of observ. suppression
                                1
Fel: Symbolen  ”supmet__pre98” vid (1) har ingen IMPLICIT-typ
solve.i:966:32:

       PARAMETER  ( SUPMET__PRE91 = 502 ) ! pre-91 method of observ. suppression
                                1
Fel: Symbolen  ”supmet__pre91” vid (1) har ingen IMPLICIT-typ
solve.i:967:32:

       PARAMETER  ( SUPMET__COMB1 = 503 ) ! combination method of suppression
                                1
Fel: Symbolen  ”supmet__comb1” vid (1) har ingen IMPLICIT-typ
solve.i:968:32:

       PARAMETER  ( SUPMET__SNGBA = 504 ) ! single band method of suppression
                                1
Fel: Symbolen  ”supmet__sngba” vid (1) har ingen IMPLICIT-typ
solve.i:969:31:

       PARAMETER  ( SUPMET__META  = 505 ) ! advanced Meta-Solve strategey
                               1
Fel: Symbolen  ”supmet__meta” vid (1) har ingen IMPLICIT-typ
solve.i:970:30:

       PARAMETER  ( SUPMET__UND   = -1  ) ! undefined method
                              1
Fel: Symbolen  ”supmet__und” vid (1) har ingen IMPLICIT-typ
solve.i:971:48:

       PARAMETER  ( SUPMET__DEF   = SUPMET__PRE98 ) ! Default suppression method
                                                1
Fel: Symbolen  ”supmet__pre98” vid (1) har ingen IMPLICIT-typ
solve.i:972:48:

       PARAMETER  ( SUPMET__FIRST = SUPMET__PRE98 ) ! First available supmet_xxx
                                                1
Fel: Symbolen  ”supmet__pre98” vid (1) har ingen IMPLICIT-typ
solve.i:973:47:

       PARAMETER  ( SUPMET__LAST  = SUPMET__META ) ! Last  supported supmet_xxx
                                               1
Fel: Symbolen  ”supmet__meta” vid (1) har ingen IMPLICIT-typ
solve.i:977:57:

       INTEGER*4    SNGCHK_ACT__UNDF,  SNGCHK_ACT__NONE, &
                                                         1
Fel: Felaktigt tecken i namn vid (1)
solve.i:981:35:

       PARAMETER  ( SNGCHK_ACT__UNDF = 0 ) ! Indefinfed action
                                   1
Fel: Symbolen  ”sngchk_act__undf” vid (1) har ingen IMPLICIT-typ
solve.i:982:35:

       PARAMETER  ( SNGCHK_ACT__NONE = 1 ) ! Action: do nothing
                                   1
Fel: Symbolen  ”sngchk_act__none” vid (1) har ingen IMPLICIT-typ
solve.i:983:35:

       PARAMETER  ( SNGCHK_ACT__WARN = 2 ) ! Action: only warning
                                   1
Fel: Symbolen  ”sngchk_act__warn” vid (1) har ingen IMPLICIT-typ
solve.i:984:35:

       PARAMETER  ( SNGCHK_ACT__REPR = 3 ) ! Action: warning and reparameterizat.
                                   1
Fel: Symbolen  ”sngchk_act__repr” vid (1) har ingen IMPLICIT-typ
solve.i:985:35:

       PARAMETER  ( SNGCHK_ACT__STOP = 4 ) ! Action: warning and terminating
                                   1
Fel: Symbolen  ”sngchk_act__stop” vid (1) har ingen IMPLICIT-typ
solve.i:986:35:

       PARAMETER  ( SNGCHK_ACT__SKIP = 5 ) ! Action: warning and skipping session
                                   1
Fel: Symbolen  ”sngchk_act__skip” vid (1) har ingen IMPLICIT-typ
solve.i:987:35:

       PARAMETER  ( SNGCHK_ACT__LSAL = 5 ) ! Last action
                                   1
Fel: Symbolen  ”sngchk_act__lsal” vid (1) har ingen IMPLICIT-typ
solve.i:988:35:

       PARAMETER  ( SNGCHK_ACT__LSIN = 4 ) ! Last interactive action
                                   1
Fel: Symbolen  ”sngchk_act__lsin” vid (1) har ingen IMPLICIT-typ
solve.i:992:56:

       INTEGER*4    SNGCHK_CMP__UNDF, SNGCHK_CMP__CONT, &
                                                        1
Fel: Felaktigt tecken i namn vid (1)
solve.i:995:35:

       PARAMETER  ( SNGCHK_CMP__UNDF = 0 ) ! Undefined condition
                                   1
Fel: Symbolen  ”sngchk_cmp__undf” vid (1) har ingen IMPLICIT-typ
solve.i:996:35:

       PARAMETER  ( SNGCHK_CMP__CONT = 1 ) ! Condition: continue execution
                                   1
Fel: Symbolen  ”sngchk_cmp__cont” vid (1) har ingen IMPLICIT-typ
solve.i:997:35:

       PARAMETER  ( SNGCHK_CMP__BACK = 2 ) ! Condition: repeat buiding normal eq.
                                   1
Fel: Symbolen  ”sngchk_cmp__back” vid (1) har ingen IMPLICIT-typ
solve.i:998:35:

       PARAMETER  ( SNGCHK_CMP__STOP = 3 ) ! Condition: stop execution
                                   1
Fel: Symbolen  ”sngchk_cmp__stop” vid (1) har ingen IMPLICIT-typ
solve.i:999:35:

       PARAMETER  ( SNGCHK_CMP__SKIP = 4 ) ! Condition: bypass this session
                                   1
Fel: Symbolen  ”sngchk_cmp__skip” vid (1) har ingen IMPLICIT-typ
solve.i:1000:35:

       PARAMETER  ( SNGCHK_CMP__FAIL = 5 ) ! Condition: internal failure
                                   1
Fel: Symbolen  ”sngchk_cmp__fail” vid (1) har ingen IMPLICIT-typ
solve.i:1004:68:

       INTEGER*4  STA__SHO, STA__NON, STA__BEG, STA__END, STA__INI, &
                                                                    1
Fel: Felaktigt tecken i namn vid (1)
solve.i:1006:27:

       PARAMETER  ( STA__SHO = 601 ) ! Status: show a line for monitoring
                           1
Fel: Symbolen  ”sta__sho” vid (1) har ingen IMPLICIT-typ
solve.i:1007:27:

       PARAMETER  ( STA__NON = 602 ) ! Status: not to send a line to monitor
                           1
Fel: Symbolen  ”sta__non” vid (1) har ingen IMPLICIT-typ
solve.i:1008:27:

       PARAMETER  ( STA__BEG = 603 ) ! Status: begining
                           1
Fel: Symbolen  ”sta__beg” vid (1) har ingen IMPLICIT-typ
solve.i:1009:27:

       PARAMETER  ( STA__END = 604 ) ! Status: end
                           1
Fel: Symbolen  ”sta__end” vid (1) har ingen IMPLICIT-typ
solve.i:1010:27:

       PARAMETER  ( STA__INI = 605 ) ! Status: initializing
                           1
Fel: Symbolen  ”sta__ini” vid (1) har ingen IMPLICIT-typ
solve.i:1011:27:

       PARAMETER  ( STA__INT = 606 ) ! Status: interactive
                           1
Fel: Symbolen  ”sta__int” vid (1) har ingen IMPLICIT-typ
solve.i:1012:27:

       PARAMETER  ( STA__SUC = 607 ) ! Status: successfull completion
                           1
Fel: Symbolen  ”sta__suc” vid (1) har ingen IMPLICIT-typ
solve.i:1016:60:

       INTEGER*4    CNI__LOC, CNI__GLO, CNI__MIX, CNI__UND, &
                                                            1
Fel: Felaktigt tecken i namn vid (1)
solve.i:1018:27:

       PARAMETER  ( CNI__LOC = 1601 ) ! Local  (file CSPRxx)
                           1
Fel: Symbolen  ”cni__loc” vid (1) har ingen IMPLICIT-typ
solve.i:1019:27:

       PARAMETER  ( CNI__GLO = 1602 ) ! Global (file CSPGxx)
                           1
Fel: Symbolen  ”cni__glo” vid (1) har ingen IMPLICIT-typ
solve.i:1020:27:

       PARAMETER  ( CNI__MIX = 1603 ) ! Mixed constraints
                           1
Fel: Symbolen  ”cni__mix” vid (1) har ingen IMPLICIT-typ
solve.i:1021:27:

       PARAMETER  ( CNI__UND = 1604 ) ! Undefined constraints
                           1
Fel: Symbolen  ”cni__und” vid (1) har ingen IMPLICIT-typ
solve.i:1022:27:

       PARAMETER  ( CNI__ULC = 1605 ) ! Local  user constraints
                           1
Fel: Symbolen  ”cni__ulc” vid (1) har ingen IMPLICIT-typ
solve.i:1023:27:

       PARAMETER  ( CNI__UGL = 1606 ) ! Global user constraints
                           1
Fel: Symbolen  ”cni__ugl” vid (1) har ingen IMPLICIT-typ
solve.i:1024:27:

       PARAMETER  ( CNI__ACI = 1701 ) ! Add to the table of constraints
                           1
Fel: Symbolen  ”cni__aci” vid (1) har ingen IMPLICIT-typ
solve.i:1025:27:

       PARAMETER  ( CNI__DIR = 1702 ) ! Direct applying constraints
                           1
Fel: Symbolen  ”cni__dir” vid (1) har ingen IMPLICIT-typ
solve.i:1039:26:

       PARAMETER  ( M_CLS = MAX_CAL  ) ! Number of used station-dependent calibrations
                          1
Fel: Parameter ”max_cal” vid (1) har inte deklarerats eller är en variabel, som inte reduceras till ett konstant uttryck
solve.i:1040:26:

       PARAMETER  ( M_CLB = MAX_CONT ) ! Number of used observation-dependant calibr
                          1
Fel: Parameter ”max_cont” vid (1) har inte deklarerats eller är en variabel, som inte reduceras till ett konstant uttryck
solve.i:1041:26:

       PARAMETER  ( M_CLZ = MAX_CLZ  ) ! Number of used zenith calibrations
                          1
Fel: Parameter ”max_clz” vid (1) har inte deklarerats eller är en variabel, som inte reduceras till ett konstant uttryck
solve.i:1042:26:

       PARAMETER  ( M_CLM = MAX_CLM ) ! Number of used mode calibrations
                          1
Fel: Parameter ”max_clm” vid (1) har inte deklarerats eller är en variabel, som inte reduceras till ett konstant uttryck
solve.i:1045:50:

       INTEGER*4    MCL__GRX, MCL__PHX, MCL__RTX, &
                                                  1
Fel: Felaktigt tecken i namn vid (1)
solve.i:1047:27:

       PARAMETER  ( MCL__GRX = 1 )  !  Group delay X-band
                           1
Fel: Symbolen  ”mcl__grx” vid (1) har ingen IMPLICIT-typ
solve.i:1048:27:

       PARAMETER  ( MCL__PHX = 2 )  !  Phase delay X-band
                           1
Fel: Symbolen  ”mcl__phx” vid (1) har ingen IMPLICIT-typ
solve.i:1049:27:

       PARAMETER  ( MCL__RTX = 3 )  !  Delay rate  X-band
                           1
Fel: Symbolen  ”mcl__rtx” vid (1) har ingen IMPLICIT-typ
solve.i:1050:27:

       PARAMETER  ( MCL__GRS = 4 )  !  Group delay S-band
                           1
Fel: Symbolen  ”mcl__grs” vid (1) har ingen IMPLICIT-typ
solve.i:1051:27:

       PARAMETER  ( MCL__PHS = 5 )  !  Phase delay S-band
                           1
Fel: Symbolen  ”mcl__phs” vid (1) har ingen IMPLICIT-typ
solve.i:1052:27:

       PARAMETER  ( MCL__RTS = 6 )  !  Delay rate  S-band
                           1
Fel: Symbolen  ”mcl__rts” vid (1) har ingen IMPLICIT-typ
solve.i:1070:72:

       CHARACTER*8  UTC__TS, UT1__TS, UT1R__TS, UT1S__TS,  TDB__TS, TDT__TS, &
                                                                        1
Varning: Rad avhuggen vid (1) [-Wline-truncation]
solve.i:1077:26:

       PARAMETER  ( TDT__TS   = 'TDT     ' )
                          1
Fel: Symbolen  ”tdt__ts” vid (1) har ingen IMPLICIT-typ
solve.i:1078:26:

       PARAMETER  ( TAI__TS   = 'TAI     ' )
                          1
Fel: Symbolen  ”tai__ts” vid (1) har ingen IMPLICIT-typ
solve.i:1128:66:

       INTEGER*4    SRC_PRE2004_SPOOL__FMT, SRC_SHORT_SPOOL__FMT, &
                                                                  1
Fel: Felaktigt tecken i namn vid (1)
solve.i:1129:5:

     &              SRC_LONG_SPOOL__FMT
     1
Fel: Icke-numeriska tecken i satsetikett vid (1)
solve.i:1129:5:

     &              SRC_LONG_SPOOL__FMT
     1
Fel: Oklassificerbar sats vid (1)
solve.i:1130:41:

       PARAMETER  ( SRC_PRE2004_SPOOL__FMT = 16001 )
                                         1
Fel: Symbolen  ”src_pre2004_spool__fmt” vid (1) har ingen IMPLICIT-typ
solve.i:1131:39:

       PARAMETER  ( SRC_SHORT_SPOOL__FMT   = 16002 )
                                       1
Fel: Symbolen  ”src_short_spool__fmt” vid (1) har ingen IMPLICIT-typ
solve.i:1132:38:

       PARAMETER  ( SRC_LONG_SPOOL__FMT    = 16003 )
                                      1
Fel: Symbolen  ”src_long_spool__fmt” vid (1) har ingen IMPLICIT-typ
solve.i:1143:69:

       INTEGER*4    M__HPE, M__SPE, M__SPN, M2__SPN, M__SPD, M__BSP, &
                                                                     1
Fel: Felaktigt tecken i namn vid (1)
solve.i:1144:5:

     &              N__COS, N__SIN, M__BSP_INT
     1
Fel: Icke-numeriska tecken i satsetikett vid (1)
solve.i:1144:5:

     &              N__COS, N__SIN, M__BSP_INT
     1
Fel: Oklassificerbar sats vid (1)
solve.i:1145:25:

       PARAMETER  ( M__HPE  =  16 ) ! max number of harmonic site estim. names
                         1
Fel: Symbolen  ”m__hpe” vid (1) har ingen IMPLICIT-typ
solve.i:1146:25:

       PARAMETER  ( M__SPE  =  64 ) ! max number of strations for spline pos. est.
                         1
Fel: Symbolen  ”m__spe” vid (1) har ingen IMPLICIT-typ
solve.i:1147:25:

       PARAMETER  ( M__SPN  = 128 ) ! max number of epochs for spline pos estim.
                         1
Fel: Symbolen  ”m__spn” vid (1) har ingen IMPLICIT-typ
solve.i:1148:25:

       PARAMETER  ( M__BSP  = 128 ) ! max number of statsion with apriori B-spline
                         1
Fel: Symbolen  ”m__bsp” vid (1) har ingen IMPLICIT-typ
solve.i:1149:39:

       PARAMETER  ( M2__SPN = 3*((M__SPN+2)*(M__SPN+3))/2 ) !
                                       1
Fel: Symbolen  ”m__spn” vid (1) har ingen IMPLICIT-typ
solve.i:1150:29:

       PARAMETER  ( M__BSP_INT = 8 ) ! Number of knots for in-session BSP interpolation
                             1
Fel: Symbolen  ”m__bsp_int” vid (1) har ingen IMPLICIT-typ
solve.i:1151:25:

       PARAMETER  ( M__SPD  =   3 ) ! max degree for spline pos estimation
                         1
Fel: Symbolen  ”m__spd” vid (1) har ingen IMPLICIT-typ
solve.i:1152:25:

       PARAMETER  ( N__COS  =   1 ) ! Index of the cosinus part of the harmonic
                         1
Fel: Symbolen  ”n__cos” vid (1) har ingen IMPLICIT-typ
solve.i:1153:25:

       PARAMETER  ( N__SIN  =   2 ) ! Index of the   sinus part of the harmonic
                         1
Fel: Symbolen  ”n__sin” vid (1) har ingen IMPLICIT-typ
solve.i:1298:72:

       INTEGER*4   EDC__UNDF, EDC__CRE, EDC__USE, EDC__REQ, EDC__BIN, EDC__ASC
                                                                        1
Varning: Rad avhuggen vid (1) [-Wline-truncation]
solve.i:1304:26:

       PARAMETER ( EDC__ASC = 102   )
                          1
Fel: Symbolen  ”edc__asc” vid (1) har ingen IMPLICIT-typ
solve.i:1306:70:

       INTEGER*2    SOUADM__NO, SOUADM__GLB_ALL, SOUADM__GLB_LIST_NO, &
                                                                      1
Fel: Felaktigt tecken i namn vid (1)
solve.i:1309:29:

       PARAMETER  ( SOUADM__NO           = 0     ) ! Do not estimate
                             1
Fel: Symbolen  ”souadm__no” vid (1) har ingen IMPLICIT-typ
solve.i:1310:34:

       PARAMETER  ( SOUADM__GLB_ALL      = 17001 ) ! Estimate globally all
                                  1
Fel: Symbolen  ”souadm__glb_all” vid (1) har ingen IMPLICIT-typ
solve.i:1311:38:

       PARAMETER  ( SOUADM__GLB_LIST_NO  = 17002 ) ! Estimate globally a list except NO
                                      1
Fel: Symbolen  ”souadm__glb_list_no” vid (1) har ingen IMPLICIT-typ
solve.i:1312:39:

       PARAMETER  ( SOUADM__GLB_LIST_YES = 17003 ) ! Estimate globally a list except YES
                                       1
Fel: Symbolen  ”souadm__glb_list_yes” vid (1) har ingen IMPLICIT-typ
solve.i:1313:34:

       PARAMETER  ( SOUADM__LCL_ALL      = 17004 ) ! Estimate locally  all
                                  1
Fel: Symbolen  ”souadm__lcl_all” vid (1) har ingen IMPLICIT-typ
solve.i:1314:38:

       PARAMETER  ( SOUADM__LCL_LIST_NO  = 17005 ) ! Estimate locally  a list except NO
                                      1
Fel: Symbolen  ”souadm__lcl_list_no” vid (1) har ingen IMPLICIT-typ
solve.i:1315:39:

       PARAMETER  ( SOUADM__LCL_LIST_YES = 17006 ) ! Estimate locally  a list except YES
                                       1
Fel: Symbolen  ”souadm__lcl_list_yes” vid (1) har ingen IMPLICIT-typ
solve.i:1401:67:

       INTEGER*4   ATD__UNDF, ATD__NO, ATD__INSTANT, ATD__AVERAGE, &
                                                                   1
Fel: Felaktigt tecken i namn vid (1)
solve.i:1402:18:

                   ATD__LAGGED, ATD__USE, ATD__REQ,ATD__EXTERNAL,ATD__EXTLAGGED
                  1
Fel: Oklassificerbar sats vid (1)
solve.i:1402:72:

                   ATD__LAGGED, ATD__USE, ATD__REQ,ATD__EXTERNAL,ATD__EXTLAGGED
                                                                        1
Varning: Rad avhuggen vid (1) [-Wline-truncation]
solve.i:1403:27:

       PARAMETER ( ATD__UNDF    =     0 )
                           1
Fel: Symbolen  ”atd__undf” vid (1) har ingen IMPLICIT-typ
solve.i:1404:25:

       PARAMETER ( ATD__NO      = 23000 )
                         1
Fel: Symbolen  ”atd__no” vid (1) har ingen IMPLICIT-typ
solve.i:1405:30:

       PARAMETER ( ATD__INSTANT = 23001 )
                              1
Fel: Symbolen  ”atd__instant” vid (1) har ingen IMPLICIT-typ
solve.i:1406:30:

       PARAMETER ( ATD__AVERAGE = 23002 )
                              1
Fel: Symbolen  ”atd__average” vid (1) har ingen IMPLICIT-typ
solve.i:1407:29:

       PARAMETER ( ATD__LAGGED  = 23003 )
                             1
Fel: Symbolen  ”atd__lagged” vid (1) har ingen IMPLICIT-typ
solve.i:1408:26:

       PARAMETER ( ATD__USE     = 23004 )
                          1
Fel: Symbolen  ”atd__use” vid (1) har ingen IMPLICIT-typ
solve.i:1409:26:

       PARAMETER ( ATD__REQ     = 23005 )
                          1
Fel: Symbolen  ”atd__req” vid (1) har ingen IMPLICIT-typ
solve.i:1410:31:

       PARAMETER ( ATD__EXTERNAL= 23006 )
                               1
Fel: Symbolen  ”atd__external” vid (1) har ingen IMPLICIT-typ
solve.i:1411:32:

       PARAMETER ( ATD__EXTLAGGED= 23007 )
                                1
Fel: Symbolen  ”atd__extlagged” vid (1) har ingen IMPLICIT-typ
oborg.i:54:14:

       REAL*8 &
              1
Fel: Felaktigt tecken i namn vid (1)
oborg.i:157:30:

         INTEGER*4  NPHAM4,   &    ! Number of phase delay ambiguities S-band
                              1
Fel: Felaktigt tecken i namn vid (1)
oborg.i:163:19:

         INTEGER*2 &
                   1
Fel: Felaktigt tecken i namn vid (1)
oborg.i:195:17:

       CHARACTER &
                 1
Fel: Felaktigt tecken i namn vid (1)
oborg.i:205:23:

       COMMON / OBORG  / &
                       1
Fel: Syntaxfel i COMMON-sats vid (1)
oborg.i:210:72:

      &           TOTPH,      TOTPH_S,     DPH,       DPH_S,    DNB,    DNB_S, &
                                                                        1
Varning: Rad avhuggen vid (1) [-Wline-truncation]
oborg.i:276:14:

       REAL*8 &
              1
Fel: Felaktigt tecken i namn vid (1)
oborg.i:286:17:

       INTEGER*2 &
                 1
Fel: Felaktigt tecken i namn vid (1)
solve.i:822:31:

       CHARACTER    DATYP__ABR*(DATYP__LEN)
                               1
Fel: Variabeln ”datyp__len” kan inte förekomma i uttrycket vid (1)
solve.i:1231:28:

     INTEGER*4  APPLIED(MAX_ARC_STA)
                            1
Fel: Variabeln ”max_arc_sta” kan inte förekomma i uttrycket vid (1)
solve.i:1168:27:

           CHARACTER  C_STA(MAX_STA)*8
                           1
Fel: Variabeln ”max_sta” kan inte förekomma i uttrycket vid (1)
solve.i:1194:31:

           INTEGER*4  MJD(M__SPN)
                               1
Fel: Symbolen  ”m__spn” vid (1) har ingen IMPLICIT-typ
solve.i:1199:43:

           REAL*8     CNS_DER_SIGMA(0:M__SPD)
                                           1
Fel: Symbolen  ”m__spd” vid (1) har ingen IMPLICIT-typ
solve.i:822:42:

       CHARACTER    DATYP__ABR*(DATYP__LEN)
                                          1
Fel: ”datyp__abr” vid (1) måste ha konstant teckenlängd i detta sammanhang
oborg.i:295:26:

       EQUIVALENCE ( DERR_S,     DERRXS      )
                          1
Fel: Symbolen  ”derr_s” vid (1) har ingen IMPLICIT-typ
oborg.i:295:38:

       EQUIVALENCE ( DERR_S,     DERRXS      )
                                      1
Fel: Symbolen  ”derrxs” vid (1) har ingen IMPLICIT-typ
oborg.i:293:26:

       EQUIVALENCE ( DOBS_S,     DOBSXS      )
                          1
Fel: Symbolen  ”dobs_s” vid (1) har ingen IMPLICIT-typ
oborg.i:293:38:

       EQUIVALENCE ( DOBS_S,     DOBSXS      )
                                      1
Fel: Symbolen  ”dobsxs” vid (1) har ingen IMPLICIT-typ
oborg.i:294:25:

       EQUIVALENCE ( DPH_S,      DPHXS       )
                         1
Fel: Symbolen  ”dph_s” vid (1) har ingen IMPLICIT-typ
oborg.i:296:27:

       EQUIVALENCE ( DPHER_S,    DPHERXS     )
                           1
Fel: Symbolen  ”dpher_s” vid (1) har ingen IMPLICIT-typ
oborg.i:296:39:

       EQUIVALENCE ( DPHER_S,    DPHERXS     )
                                       1
Fel: Symbolen  ”dpherxs” vid (1) har ingen IMPLICIT-typ
oborg.i:294:37:

       EQUIVALENCE ( DPH_S,      DPHXS       )
                                     1
Fel: Symbolen  ”dphxs” vid (1) har ingen IMPLICIT-typ
oborg.i:290:28:

       EQUIVALENCE ( EFFREQ_S,   EFFREQ_XS   )
                            1
Fel: Symbolen  ”effreq_s” vid (1) har ingen IMPLICIT-typ
oborg.i:290:41:

       EQUIVALENCE ( EFFREQ_S,   EFFREQ_XS   )
                                         1
Fel: Symbolen  ”effreq_xs” vid (1) har ingen IMPLICIT-typ
oborg.i:199:32:

       EQUIVALENCE ( IOBSFIL, FJD )
                                1
Fel: Symbolen  ”fjd” vid (1) har ingen IMPLICIT-typ
oborg.i:200:44:

       EQUIVALENCE ( IOBSFIL, IFIRST_OBORG_I2 )
                                            1
Fel: Symbolen  ”ifirst_oborg_i2” vid (1) har ingen IMPLICIT-typ
oborg.i:194:27:

       INTEGER*2    IOBSFIL(JOBSREC_BYTES) ! Copy of oborg record
                           1
Fel: Variabeln ”jobsrec_bytes” kan inte förekomma i uttrycket vid (1)
oborg.i:194:41:

       INTEGER*2    IOBSFIL(JOBSREC_BYTES) ! Copy of oborg record
                                         1
Fel: Modul- eller huvudprogramvektorn ”iobsfil” vid (1) måste ha konstant form
oborg.i:201:25:

       EQUIVALENCE ( LQUAL,   LQUAL_CHR )
                         1
Fel: Symbolen  ”lqual” vid (1) har ingen IMPLICIT-typ
oborg.i:201:38:

       EQUIVALENCE ( LQUAL,   LQUAL_CHR )
                                      1
Fel: Symbolen  ”lqual_chr” vid (1) har ingen IMPLICIT-typ
oborg.i:202:27:

       EQUIVALENCE ( LQUAL_S, LQUAL_S_CHR )
                           1
Fel: Symbolen  ”lqual_s” vid (1) har ingen IMPLICIT-typ
oborg.i:202:40:

       EQUIVALENCE ( LQUAL_S, LQUAL_S_CHR )
                                        1
Fel: Symbolen  ”lqual_s_chr” vid (1) har ingen IMPLICIT-typ
oborg.i:299:39:

       EQUIVALENCE ( LQUAL_S,    LQUALXS     )
                                       1
Fel: Symbolen  ”lqualxs” vid (1) har ingen IMPLICIT-typ
oborg.i:291:30:

       EQUIVALENCE ( PHEFFREQ_S, PHEFFREQ_XS )
                              1
Fel: Symbolen  ”pheffreq_s” vid (1) har ingen IMPLICIT-typ
oborg.i:291:43:

       EQUIVALENCE ( PHEFFREQ_S, PHEFFREQ_XS )
                                           1
Fel: Symbolen  ”pheffreq_xs” vid (1) har ingen IMPLICIT-typ
oborg.i:292:29:

       EQUIVALENCE ( REFFREQ_S,  REFFREQ_XS  )
                             1
Fel: Symbolen  ”reffreq_s” vid (1) har ingen IMPLICIT-typ
oborg.i:292:42:

       EQUIVALENCE ( REFFREQ_S,  REFFREQ_XS  )
                                          1
Fel: Symbolen  ”reffreq_xs” vid (1) har ingen IMPLICIT-typ
oborg.i:298:26:

       EQUIVALENCE ( RERR_S,     RERRXS      )
                          1
Fel: Symbolen  ”rerr_s” vid (1) har ingen IMPLICIT-typ
oborg.i:298:38:

       EQUIVALENCE ( RERR_S,     RERRXS      )
                                      1
Fel: Symbolen  ”rerrxs” vid (1) har ingen IMPLICIT-typ
oborg.i:297:26:

       EQUIVALENCE ( ROBS_S,     ROBSXS      )
                          1
Fel: Symbolen  ”robs_s” vid (1) har ingen IMPLICIT-typ
oborg.i:297:38:

       EQUIVALENCE ( ROBS_S,     ROBSXS      )
                                      1
Fel: Symbolen  ”robsxs” vid (1) har ingen IMPLICIT-typ
oborg.i:194:27:

       INTEGER*2    IOBSFIL(JOBSREC_BYTES) ! Copy of oborg record
                           1
Fel: Variabeln ”jobsrec_bytes” vid (1) i detta sammanhang måste vara en konstant
oborg.i:200:19:

       EQUIVALENCE ( IOBSFIL, IFIRST_OBORG_I2 )
                   1
Fel: Vektor ”iobsfil” vid (1) med icke-konstanta gränser kan inte vara ett EQUIVALENCE-objekt
oborg.i:194:27:

       INTEGER*2    IOBSFIL(JOBSREC_BYTES) ! Copy of oborg record
                           1
Fel: Variabeln ”jobsrec_bytes” vid (1) i detta sammanhang måste vara en konstant
oborg.i:199:19:

       EQUIVALENCE ( IOBSFIL, FJD )
                   1
Fel: Vektor ”iobsfil” vid (1) med icke-konstanta gränser kan inte vara ett EQUIVALENCE-objekt
make: *** [Makefile:12: hwserver] Fel 1
